<?xml version="1.0" encoding="UTF-8"?>
<!-- Generated by org.testng.reporters.JUnitReportReporter -->
<testsuite hostname="PeopleNTechs-iMac.local" failures="0" tests="1" name="search.TestSearch" time="43.431" errors="0" timestamp="07 Jan 2018 17:19:27 GMT" skipped="0">
  <testcase classname="search.TestSearch" name="searchItemsTest" time="43.431"/>
</testsuite> <!-- search.TestSearch -->
