<?xml version="1.0" encoding="UTF-8"?>
<!-- Generated by org.testng.reporters.JUnitReportReporter -->
<testsuite hostname="PeopleNTechs-iMac.local" failures="0" tests="1" name="search.TestSearch" time="12.008" errors="0" timestamp="06 Jan 2018 18:19:58 GMT" skipped="0">
  <testcase classname="search.TestSearch" name="searchItemsTest" time="12.008"/>
</testsuite> <!-- search.TestSearch -->
