<?xml version="1.0" encoding="UTF-8"?>
<!-- Generated by org.testng.reporters.JUnitReportReporter -->
<testsuite hostname="PeopleNTechs-iMac.local" failures="0" tests="1" name="home.TestDropDownMenu" time="47.909" errors="0" timestamp="06 Jan 2018 18:19:58 GMT" skipped="0">
  <testcase classname="home.TestDropDownMenu" name="menus" time="47.909"/>
</testsuite> <!-- home.TestDropDownMenu -->
