<?xml version="1.0" encoding="UTF-8"?>
<!-- Generated by org.testng.reporters.JUnitReportReporter -->
<testsuite hostname="PeopleNTechs-iMac.local" failures="0" tests="1" name="home.TestHome" time="33.402" errors="0" timestamp="07 Jan 2018 17:20:07 GMT" skipped="0">
  <testcase classname="home.TestHome" name="test1" time="33.402"/>
</testsuite> <!-- home.TestHome -->
