<?xml version="1.0" encoding="UTF-8"?>
<!-- Generated by org.testng.reporters.JUnitReportReporter -->
<testsuite hostname="PeopleNTechs-iMac.local" failures="0" tests="1" name="home.TestHome" time="70.112" errors="0" timestamp="07 Jan 2018 16:00:34 GMT" skipped="0">
  <testcase classname="home.TestHome" name="test1" time="70.112"/>
</testsuite> <!-- home.TestHome -->
