<?xml version="1.0" encoding="UTF-8"?>
<!-- Generated by org.testng.reporters.JUnitReportReporter -->
<testsuite hostname="PeopleNTechs-iMac.local" failures="0" tests="1" name="home.TestHome" time="8.142" errors="0" timestamp="06 Jan 2018 18:20:11 GMT" skipped="0">
  <testcase classname="home.TestHome" name="test1" time="8.142"/>
</testsuite> <!-- home.TestHome -->
